c:\projects\cyrotech\biometrics\cyrotechbiometric\appstudents\net\scannerapp\ftrsdkhelper\x64\release\ftrsdkhelper13.pch
c:\projects\cyrotech\biometrics\cyrotechbiometric\appstudents\net\scannerapp\ftrsdkhelper\x64\release\vc142.pdb
c:\projects\cyrotech\biometrics\cyrotechbiometric\appstudents\net\scannerapp\ftrsdkhelper\x64\release\stdafx.obj
c:\projects\cyrotech\biometrics\cyrotechbiometric\appstudents\net\scannerapp\ftrsdkhelper\x64\release\futronicverification.obj
c:\projects\cyrotech\biometrics\cyrotechbiometric\appstudents\net\scannerapp\ftrsdkhelper\x64\release\futronicidentification.obj
c:\projects\cyrotech\biometrics\cyrotechbiometric\appstudents\net\scannerapp\ftrsdkhelper\x64\release\futronicenrollment.obj
c:\projects\cyrotech\biometrics\cyrotechbiometric\appstudents\net\scannerapp\ftrsdkhelper\x64\release\ftrsdkhelper.obj
c:\projects\cyrotech\biometrics\cyrotechbiometric\appstudents\net\scannerapp\ftrsdkhelper\x64\release\ftrexception.obj
c:\projects\cyrotech\biometrics\cyrotechbiometric\appstudents\net\scannerapp\ftrsdkhelper\x64\release\assemblyinfo.obj
c:\projects\cyrotech\biometrics\cyrotechbiometric\appstudents\net\scannerapp\ftrsdkhelper\x64\release\.netframework,version=v4.0.assemblyattributes.obj
c:\projects\cyrotech\biometrics\cyrotechbiometric\appstudents\net\scannerapp\ftrsdkhelper\x64\release\ftrsdkhelper13.dll
c:\projects\cyrotech\biometrics\cyrotechbiometric\appstudents\net\scannerapp\ftrsdkhelper\x64\release\ftrsdkhelper13.pdb
c:\projects\cyrotech\biometrics\cyrotechbiometric\appstudents\net\scannerapp\ftrsdkhelper\x64\release\app.res
c:\projects\cyrotech\biometrics\cyrotechbiometric\appstudents\net\scannerapp\ftrsdkhelper\x64\release\ftrsdkhelper13.dll.metagen
c:\projects\cyrotech\biometrics\cyrotechbiometric\appstudents\net\scannerapp\ftrsdkhelper\x64\release\ftrsdkhelper.tlog\cl.command.1.tlog
c:\projects\cyrotech\biometrics\cyrotechbiometric\appstudents\net\scannerapp\ftrsdkhelper\x64\release\ftrsdkhelper.tlog\cl.read.1.tlog
c:\projects\cyrotech\biometrics\cyrotechbiometric\appstudents\net\scannerapp\ftrsdkhelper\x64\release\ftrsdkhelper.tlog\cl.write.1.tlog
c:\projects\cyrotech\biometrics\cyrotechbiometric\appstudents\net\scannerapp\ftrsdkhelper\x64\release\ftrsdkhelper.tlog\link.command.1.tlog
c:\projects\cyrotech\biometrics\cyrotechbiometric\appstudents\net\scannerapp\ftrsdkhelper\x64\release\ftrsdkhelper.tlog\link.read.1.tlog
c:\projects\cyrotech\biometrics\cyrotechbiometric\appstudents\net\scannerapp\ftrsdkhelper\x64\release\ftrsdkhelper.tlog\link.write.1.tlog
c:\projects\cyrotech\biometrics\cyrotechbiometric\appstudents\net\scannerapp\ftrsdkhelper\x64\release\ftrsdkhelper.tlog\metagen.read.1.tlog
c:\projects\cyrotech\biometrics\cyrotechbiometric\appstudents\net\scannerapp\ftrsdkhelper\x64\release\ftrsdkhelper.tlog\metagen.write.1.tlog
c:\projects\cyrotech\biometrics\cyrotechbiometric\appstudents\net\scannerapp\ftrsdkhelper\x64\release\ftrsdkhelper.tlog\rc.command.1.tlog
c:\projects\cyrotech\biometrics\cyrotechbiometric\appstudents\net\scannerapp\ftrsdkhelper\x64\release\ftrsdkhelper.tlog\rc.read.1.tlog
c:\projects\cyrotech\biometrics\cyrotechbiometric\appstudents\net\scannerapp\ftrsdkhelper\x64\release\ftrsdkhelper.tlog\rc.write.1.tlog
