c:\projects\cyrotech\biometrics\cyrotechbiometric\app\net\scannerapp\ftrsdkhelper\x64\debug\ftrsdkhelper13.pch
c:\projects\cyrotech\biometrics\cyrotechbiometric\app\net\scannerapp\ftrsdkhelper\x64\debug\vc142.pdb
c:\projects\cyrotech\biometrics\cyrotechbiometric\app\net\scannerapp\ftrsdkhelper\x64\debug\stdafx.xdc
c:\projects\cyrotech\biometrics\cyrotechbiometric\app\net\scannerapp\ftrsdkhelper\x64\debug\stdafx.obj
c:\projects\cyrotech\biometrics\cyrotechbiometric\app\net\scannerapp\ftrsdkhelper\x64\debug\assemblyinfo.xdc
c:\projects\cyrotech\biometrics\cyrotechbiometric\app\net\scannerapp\ftrsdkhelper\x64\debug\ftrexception.xdc
c:\projects\cyrotech\biometrics\cyrotechbiometric\app\net\scannerapp\ftrsdkhelper\x64\debug\ftrsdkhelper.xdc
c:\projects\cyrotech\biometrics\cyrotechbiometric\app\net\scannerapp\ftrsdkhelper\x64\debug\futronicenrollment.xdc
c:\projects\cyrotech\biometrics\cyrotechbiometric\app\net\scannerapp\ftrsdkhelper\x64\debug\futronicidentification.xdc
c:\projects\cyrotech\biometrics\cyrotechbiometric\app\net\scannerapp\ftrsdkhelper\x64\debug\futronicverification.xdc
c:\projects\cyrotech\biometrics\cyrotechbiometric\app\net\scannerapp\ftrsdkhelper\x64\debug\futronicverification.obj
c:\projects\cyrotech\biometrics\cyrotechbiometric\app\net\scannerapp\ftrsdkhelper\x64\debug\futronicidentification.obj
c:\projects\cyrotech\biometrics\cyrotechbiometric\app\net\scannerapp\ftrsdkhelper\x64\debug\futronicenrollment.obj
c:\projects\cyrotech\biometrics\cyrotechbiometric\app\net\scannerapp\ftrsdkhelper\x64\debug\ftrsdkhelper.obj
c:\projects\cyrotech\biometrics\cyrotechbiometric\app\net\scannerapp\ftrsdkhelper\x64\debug\ftrexception.obj
c:\projects\cyrotech\biometrics\cyrotechbiometric\app\net\scannerapp\ftrsdkhelper\x64\debug\assemblyinfo.obj
c:\projects\cyrotech\biometrics\cyrotechbiometric\app\net\scannerapp\ftrsdkhelper\x64\debug\.netframework,version=v4.0.assemblyattributes.xdc
c:\projects\cyrotech\biometrics\cyrotechbiometric\app\net\scannerapp\ftrsdkhelper\x64\debug\.netframework,version=v4.0.assemblyattributes.obj
c:\projects\cyrotech\biometrics\cyrotechbiometric\app\net\scannerapp\ftrsdkhelper\x64\debug\ftrsdkhelper13.dll
c:\projects\cyrotech\biometrics\cyrotechbiometric\app\net\scannerapp\ftrsdkhelper\x64\debug\ftrsdkhelper13.pdb
c:\projects\cyrotech\biometrics\cyrotechbiometric\app\net\scannerapp\ftrsdkhelper\x64\debug\app.res
c:\projects\cyrotech\biometrics\cyrotechbiometric\app\net\scannerapp\ftrsdkhelper\x64\debug\ftrsdkhelper13.xml
c:\projects\cyrotech\biometrics\cyrotechbiometric\app\net\scannerapp\ftrsdkhelper\x64\debug\ftrsdkhelper13.dll.metagen
c:\projects\cyrotech\biometrics\cyrotechbiometric\app\net\scannerapp\ftrsdkhelper\x64\debug\ftrsdkhelper.tlog\cl.command.1.tlog
c:\projects\cyrotech\biometrics\cyrotechbiometric\app\net\scannerapp\ftrsdkhelper\x64\debug\ftrsdkhelper.tlog\cl.read.1.tlog
c:\projects\cyrotech\biometrics\cyrotechbiometric\app\net\scannerapp\ftrsdkhelper\x64\debug\ftrsdkhelper.tlog\cl.write.1.tlog
c:\projects\cyrotech\biometrics\cyrotechbiometric\app\net\scannerapp\ftrsdkhelper\x64\debug\ftrsdkhelper.tlog\link.command.1.tlog
c:\projects\cyrotech\biometrics\cyrotechbiometric\app\net\scannerapp\ftrsdkhelper\x64\debug\ftrsdkhelper.tlog\link.read.1.tlog
c:\projects\cyrotech\biometrics\cyrotechbiometric\app\net\scannerapp\ftrsdkhelper\x64\debug\ftrsdkhelper.tlog\link.write.1.tlog
c:\projects\cyrotech\biometrics\cyrotechbiometric\app\net\scannerapp\ftrsdkhelper\x64\debug\ftrsdkhelper.tlog\metagen.read.1.tlog
c:\projects\cyrotech\biometrics\cyrotechbiometric\app\net\scannerapp\ftrsdkhelper\x64\debug\ftrsdkhelper.tlog\metagen.write.1.tlog
c:\projects\cyrotech\biometrics\cyrotechbiometric\app\net\scannerapp\ftrsdkhelper\x64\debug\ftrsdkhelper.tlog\rc.command.1.tlog
c:\projects\cyrotech\biometrics\cyrotechbiometric\app\net\scannerapp\ftrsdkhelper\x64\debug\ftrsdkhelper.tlog\rc.read.1.tlog
c:\projects\cyrotech\biometrics\cyrotechbiometric\app\net\scannerapp\ftrsdkhelper\x64\debug\ftrsdkhelper.tlog\rc.write.1.tlog
c:\projects\cyrotech\biometrics\cyrotechbiometric\app\net\scannerapp\ftrsdkhelper\x64\debug\ftrsdkhelper.tlog\xdcmake.command.1.tlog
c:\projects\cyrotech\biometrics\cyrotechbiometric\app\net\scannerapp\ftrsdkhelper\x64\debug\ftrsdkhelper.tlog\xdcmake.read.1.tlog
c:\projects\cyrotech\biometrics\cyrotechbiometric\app\net\scannerapp\ftrsdkhelper\x64\debug\ftrsdkhelper.tlog\xdcmake.write.1.tlog
